2021-04-09 02:50:20.089 - INFO - 15906 - azureml.train.automl._experiment_drivers.driver_utilities.modify_run_configuration:199 - Package azureml-train-automl missing from dependencies file.
2021-04-09 02:50:20.089 - INFO - 15906 - azureml.train.automl._experiment_drivers.driver_utilities.modify_run_configuration:205 - Using pinned version: azureml-train-automl==1.26.0.*
2021-04-09 02:50:20.089 - INFO - 15906 - azureml.train.automl._experiment_drivers.driver_utilities.modify_run_configuration:199 - Package pandas missing from dependencies file.
2021-04-09 02:50:20.090 - INFO - 15906 - azureml.train.automl._experiment_drivers.driver_utilities.modify_run_configuration:205 - Using pinned version: pandas==0.25.1
2021-04-09 02:50:20.090 - INFO - 15906 - azureml.train.automl._experiment_drivers.driver_utilities.modify_run_configuration:199 - Package psutil missing from dependencies file.
2021-04-09 02:50:20.090 - INFO - 15906 - azureml.train.automl._experiment_drivers.driver_utilities.modify_run_configuration:205 - Using pinned version: psutil>5.0.0,<6.0.0
2021-04-09 02:50:20.090 - INFO - 15906 - azureml.train.automl._experiment_drivers.driver_utilities.modify_run_configuration:199 - Package scikit-learn missing from dependencies file.
2021-04-09 02:50:20.091 - INFO - 15906 - azureml.train.automl._experiment_drivers.driver_utilities.modify_run_configuration:205 - Using pinned version: scikit-learn==0.22.1
2021-04-09 02:50:20.091 - INFO - 15906 - azureml.train.automl._experiment_drivers.driver_utilities.modify_run_configuration:199 - Package numpy missing from dependencies file.
2021-04-09 02:50:20.091 - INFO - 15906 - azureml.train.automl._experiment_drivers.driver_utilities.modify_run_configuration:205 - Using pinned version: numpy~=1.18.0
2021-04-09 02:50:20.091 - INFO - 15906 - azureml.train.automl._experiment_drivers.driver_utilities.modify_run_configuration:199 - Package py-xgboost missing from dependencies file.
2021-04-09 02:50:20.092 - INFO - 15906 - azureml.train.automl._experiment_drivers.driver_utilities.modify_run_configuration:205 - Using pinned version: py-xgboost<=0.90
2021-04-09 02:50:20.092 - INFO - 15906 - azureml.train.automl._experiment_drivers.driver_utilities.modify_run_configuration:199 - Package inference-schema missing from dependencies file.
2021-04-09 02:50:20.092 - INFO - 15906 - azureml.train.automl._experiment_drivers.driver_utilities.modify_run_configuration:199 - Package fbprophet missing from dependencies file.
2021-04-09 02:50:20.093 - INFO - 15906 - azureml.train.automl._experiment_drivers.driver_utilities.modify_run_configuration:205 - Using pinned version: fbprophet==0.5
2021-04-09 02:50:20.093 - INFO - 15906 - azureml.train.automl._experiment_drivers.driver_utilities.modify_run_configuration:199 - Package setuptools-git missing from dependencies file.
2021-04-09 02:50:20.093 - INFO - 15906 - azureml.train.automl._experiment_drivers.driver_utilities.modify_run_configuration:209 - Using installed version: setuptools-git==1.2
2021-04-09 02:50:20.094 - INFO - 15906 - azureml.automl.core.dataset_utilities._save_datasets_to_json:131 - JSON serialization of input of type <class 'NoneType'> is un-supported.
2021-04-09 02:50:20.095 - INFO - 15906 - azureml.train.automl._experiment_drivers.driver_utilities.validate_input:124 - Start data validation.
2021-04-09 02:50:25.789 - INFO - 15906 - azureml.train.automl._experiment_drivers.driver_utilities.validate_input:137 - Validation service found the data has no errors.
2021-04-09 02:50:25.790 - INFO - 15906 - azureml.train.automl._experiment_drivers.driver_utilities.create_remote_parent_run:381 - Start creating parent run.
2021-04-09 02:50:26.122 - INFO - 15906 - azureml.train.automl._experiment_drivers.driver_utilities.create_remote_parent_run:401 - [ParentRunID:AutoML_7f9d979c-319d-4d97-b63a-2aee9739b1b8] Remote run using input X and y.
2021-04-09 02:50:26.292 - INFO - 15906 - azureml.train.automl._experiment_drivers.driver_utilities.start_remote_run:336 - Starting a snapshot run (snapshot_id : None)
